<?xml version="1.0" encoding="UTF-8"?>
<!-- Generated by org.testng.reporters.JUnitXMLReporter -->
<testsuite ignored="0" hostname="DESKTOP-DIKKQBV" failures="0" tests="4" name="Test1" time="9.336" errors="0" timestamp="2024-08-07T17:33:49 EEST">
  <testcase classname="api.test.DDTests2" name="testPostUser" time="4.279"/>
  <testcase classname="api.test.DDTests2" name="testPostUser" time="0.717"/>
  <testcase classname="api.test.DDTests2" name="deleteUser" time="0.717"/>
  <testcase classname="api.test.DDTests2" name="deleteUser" time="0.701"/>
</testsuite> <!-- Test1 -->
