<?xml version="1.0" encoding="UTF-8"?>
<testng-results ignored="0" total="4" passed="4" failed="0" skipped="0">
  <reporter-output>
  </reporter-output>
  <suite started-at="2024-08-07T17:33:39 EEST" name="Suite1" finished-at="2024-08-07T17:33:49 EEST" duration-ms="9336">
    <groups>
    </groups>
    <test started-at="2024-08-07T17:33:39 EEST" name="Test1" finished-at="2024-08-07T17:33:49 EEST" duration-ms="9336">
      <class name="api.test.DDTests2">
        <test-method is-config="true" signature="beforeClass()[pri:0, instance:api.test.DDTests2@67080771]" started-at="2024-08-07T17:33:40 EEST" name="beforeClass" finished-at="2024-08-07T17:33:41 EEST" duration-ms="956" status="PASS">
          <reporter-output>
          </reporter-output>
        </test-method> <!-- beforeClass -->
        <test-method signature="testPostUser(java.lang.String,java.lang.String,java.lang.String,java.lang.String,java.lang.String,java.lang.String,java.lang.String)[pri:1, instance:api.test.DDTests2@67080771]" started-at="2024-08-07T17:33:42 EEST" name="testPostUser" data-provider="Data" finished-at="2024-08-07T17:33:46 EEST" duration-ms="4279" status="PASS">
          <params>
            <param index="0">
              <value>
                <![CDATA[1]]>
              </value>
            </param>
            <param index="1">
              <value>
                <![CDATA[testuser1]]>
              </value>
            </param>
            <param index="2">
              <value>
                <![CDATA[Alex]]>
              </value>
            </param>
            <param index="3">
              <value>
                <![CDATA[Smith]]>
              </value>
            </param>
            <param index="4">
              <value>
                <![CDATA[alexsmith@yahoo.com]]>
              </value>
            </param>
            <param index="5">
              <value>
                <![CDATA[1234]]>
              </value>
            </param>
            <param index="6">
              <value>
                <![CDATA[0728999999]]>
              </value>
            </param>
          </params>
          <reporter-output>
          </reporter-output>
        </test-method> <!-- testPostUser -->
        <test-method signature="testPostUser(java.lang.String,java.lang.String,java.lang.String,java.lang.String,java.lang.String,java.lang.String,java.lang.String)[pri:1, instance:api.test.DDTests2@67080771]" started-at="2024-08-07T17:33:46 EEST" name="testPostUser" data-provider="Data" finished-at="2024-08-07T17:33:47 EEST" duration-ms="717" status="PASS">
          <params>
            <param index="0">
              <value>
                <![CDATA[2]]>
              </value>
            </param>
            <param index="1">
              <value>
                <![CDATA[testuser2]]>
              </value>
            </param>
            <param index="2">
              <value>
                <![CDATA[Dan]]>
              </value>
            </param>
            <param index="3">
              <value>
                <![CDATA[Smith]]>
              </value>
            </param>
            <param index="4">
              <value>
                <![CDATA[dansmith@yahoo.com]]>
              </value>
            </param>
            <param index="5">
              <value>
                <![CDATA[1234]]>
              </value>
            </param>
            <param index="6">
              <value>
                <![CDATA[0728999999]]>
              </value>
            </param>
          </params>
          <reporter-output>
          </reporter-output>
        </test-method> <!-- testPostUser -->
        <test-method signature="deleteUser(java.lang.String)[pri:2, instance:api.test.DDTests2@67080771]" started-at="2024-08-07T17:33:47 EEST" name="deleteUser" data-provider="UserNames" finished-at="2024-08-07T17:33:48 EEST" duration-ms="717" status="PASS">
          <params>
            <param index="0">
              <value>
                <![CDATA[testuser1]]>
              </value>
            </param>
          </params>
          <reporter-output>
          </reporter-output>
        </test-method> <!-- deleteUser -->
        <test-method signature="deleteUser(java.lang.String)[pri:2, instance:api.test.DDTests2@67080771]" started-at="2024-08-07T17:33:48 EEST" name="deleteUser" data-provider="UserNames" finished-at="2024-08-07T17:33:49 EEST" duration-ms="701" status="PASS">
          <params>
            <param index="0">
              <value>
                <![CDATA[testuser2]]>
              </value>
            </param>
          </params>
          <reporter-output>
          </reporter-output>
        </test-method> <!-- deleteUser -->
      </class> <!-- api.test.DDTests2 -->
    </test> <!-- Test1 -->
  </suite> <!-- Suite1 -->
</testng-results>
