<?xml version="1.0" encoding="UTF-8"?>
<testsuite xmlns:xsi="http://www.w3.org/2001/XMLSchema-instance" xsi:noNamespaceSchemaLocation="https://maven.apache.org/surefire/maven-surefire-plugin/xsd/surefire-test-report-3.0.xsd" version="3.0" name="TestSuite" time="11.08" tests="4" errors="0" skipped="0" failures="0">
  <properties>
[...]
</properties>
  <testcase name="testPostUser[1, testuser1, Alex, Smith, alexsmith@yahoo.com, 1234, 0728999999](1)" classname="api.test.DDTests2" time="4.294">
    <system-out><![CDATA[17:33:42.511 [main] INFO  api.test.DDTests2 - ********** Creating a new user **********
{
  "id" : 1,
  "username" : "testuser1",
  "firstName" : "Alex",
  "lastName" : "Smith",
  "email" : "alexsmith@yahoo.com",
  "password" : "1234",
  "phone" : "0728999999"
}
{
    "code": 200,
    "type": "unknown",
    "message": "1"
}
17:33:46.781 [main] INFO  api.test.DDTests2 - ********** User created successfully **********
]]></system-out>
  </testcase>
  <testcase name="testPostUser[2, testuser2, Dan, Smith, dansmith@yahoo.com, 1234, 0728999999](2)" classname="api.test.DDTests2" time="0.734">
    <system-out><![CDATA[17:33:46.835 [main] INFO  api.test.DDTests2 - ********** Creating a new user **********
{
  "id" : 2,
  "username" : "testuser2",
  "firstName" : "Dan",
  "lastName" : "Smith",
  "email" : "dansmith@yahoo.com",
  "password" : "1234",
  "phone" : "0728999999"
}
{
    "code": 200,
    "type": "unknown",
    "message": "2"
}
17:33:47.550 [main] INFO  api.test.DDTests2 - ********** User created successfully **********
]]></system-out>
  </testcase>
  <testcase name="deleteUser[testuser1](1)" classname="api.test.DDTests2" time="0.731">
    <system-out><![CDATA[17:33:47.640 [main] INFO  api.test.DDTests2 - ********** Deleting a user **********
{
    "code": 200,
    "type": "unknown",
    "message": "testuser1"
}
17:33:48.355 [main] INFO  api.test.DDTests2 - ********** User deleted successfully **********
]]></system-out>
  </testcase>
  <testcase name="deleteUser[testuser2](2)" classname="api.test.DDTests2" time="0.707">
    <system-out><![CDATA[17:33:48.360 [main] INFO  api.test.DDTests2 - ********** Deleting a user **********
{
    "code": 200,
    "type": "unknown",
    "message": "testuser2"
}
17:33:49.058 [main] INFO  api.test.DDTests2 - ********** User deleted successfully **********
]]></system-out>
  </testcase>
</testsuite>